Command line:
   Assignment_8a_isim_beh.exe
     -simmode  gui
     -simrunnum  0
     -socket  41149

Fri Mar 20 01:26:19 2026


 Elaboration Time: 0.02 sec

 Current Memory Usage: 194.322 Meg

 Total Signals          : 19
 Total Nets             : 8
 Total Signal Drivers   : 5
 Total Blocks           : 5
 Total Primitive Blocks : 4
 Total Processes        : 5
 Total Traceable Variables  : 8
 Total Scalar Nets and Variables : 368
Total Line Count : 5

 Total Simulation Time: 0.02 sec

 Current Memory Usage: 269.824 Meg

Fri Mar 20 01:26:23 2026

