Running: /opt/Xilinx/14.7/ISE_DS/ISE/bin/lin64/unwrapped/fuse -intstyle ise -incremental -o /home/debarghaya/Documents/GitHub/IEM-Assignments/Semester_4/C6/Computer_Organization_and_Architecture_Lab/Assignment_1a_testbench_isim_beh.exe -prj /home/debarghaya/Documents/GitHub/IEM-Assignments/Semester_4/C6/Computer_Organization_and_Architecture_Lab/Assignment_1a_testbench_beh.prj work.Assignment_1a_testbench 
ISim P.20131013 (signature 0xfbc00daa)
Number of CPUs detected in this system: 12
Turning on mult-threading, number of parallel sub-compilation jobs: 24 
Determining compilation order of HDL files
Parsing VHDL file "/home/debarghaya/Documents/GitHub/IEM-Assignments/Semester_4/C6/Computer_Organization_and_Architecture_Lab/Assignment_1a.vhd" into library work
Parsing VHDL file "/home/debarghaya/Documents/GitHub/IEM-Assignments/Semester_4/C6/Computer_Organization_and_Architecture_Lab/Assignment_1a_testbench.vhd" into library work
Starting static elaboration
Completed static elaboration
Fuse Memory Usage: 93128 KB
Fuse CPU Usage: 2360 ms
Compiling package standard
Compiling package std_logic_1164
Compiling architecture dataflow of entity Assignment_1a [assignment_1a_default]
Compiling architecture behavioral of entity assignment_1a_testbench
Time Resolution for simulation is 1ps.
Waiting for 1 sub-compilation(s) to finish...
Compiled 5 VHDL Units
Built simulation executable /home/debarghaya/Documents/GitHub/IEM-Assignments/Semester_4/C6/Computer_Organization_and_Architecture_Lab/Assignment_1a_testbench_isim_beh.exe
Fuse Memory Usage: 1707484 KB
Fuse CPU Usage: 2400 ms
GCC CPU Usage: 350 ms
