Command line:
   tb_Assignment_8a_isim_beh.exe
     -simmode  gui
     -simrunnum  0
     -socket  60891

Wed Mar 11 12:06:04 2026


 Elaboration Time: 0.04 sec

 Current Memory Usage: 194.331 Meg

 Total Signals          : 24
 Total Nets             : 8
 Total Signal Drivers   : 8
 Total Blocks           : 6
 Total Primitive Blocks : 4
 Total Processes        : 6
 Total Traceable Variables  : 8
 Total Scalar Nets and Variables : 368
Total Line Count : 22

 Total Simulation Time: 0.04 sec

 Current Memory Usage: 269.832 Meg

Wed Mar 11 12:06:45 2026

