Command line:
   Assignment_1a_isim_beh.exe
     -simmode  gui
     -simrunnum  0
     -socket  41133

Wed Jan 21 01:14:38 2026


 Elaboration Time: 0.01 sec

 Current Memory Usage: 194.396 Meg

 Total Signals          : 3
 Total Nets             : 3
 Total Signal Drivers   : 1
 Total Blocks           : 2
 Total Primitive Blocks : 2
 Total Processes        : 1
 Total Traceable Variables  : 8
 Total Scalar Nets and Variables : 363
Total Line Count : 1

 Total Simulation Time: 0.01 sec

 Current Memory Usage: 269.898 Meg

Wed Jan 21 01:17:41 2026

