Running: /opt/Xilinx/14.7/ISE_DS/ISE/bin/lin64/unwrapped/fuse -intstyle ise -incremental -o /home/admin/workspaces/IEM-Assignments/Semester_4/C6/Computer_Organization_and_Architecture_Lab/Assignment_3d_testbench_isim_beh.exe -prj /home/admin/workspaces/IEM-Assignments/Semester_4/C6/Computer_Organization_and_Architecture_Lab/Assignment_3d_testbench_beh.prj work.Assignment_3d_testbench 
ISim P.20131013 (signature 0xfbc00daa)
Number of CPUs detected in this system: 8
Turning on mult-threading, number of parallel sub-compilation jobs: 16 
Determining compilation order of HDL files
Parsing VHDL file "/home/admin/workspaces/IEM-Assignments/Semester_4/C6/Computer_Organization_and_Architecture_Lab/Assignment_3d.vhd" into library work
Parsing VHDL file "/home/admin/workspaces/IEM-Assignments/Semester_4/C6/Computer_Organization_and_Architecture_Lab/Assignment_3d_testbench.vhd" into library work
Starting static elaboration
Completed static elaboration
Fuse Memory Usage: 96172 KB
Fuse CPU Usage: 690 ms
Compiling package standard
Compiling package std_logic_1164
Compiling package numeric_std
Compiling architecture dataflow of entity Assignment_3d [assignment_3d_default]
Compiling architecture behavior of entity assignment_3d_testbench
Time Resolution for simulation is 1ps.
Waiting for 1 sub-compilation(s) to finish...
Compiled 6 VHDL Units
Built simulation executable /home/admin/workspaces/IEM-Assignments/Semester_4/C6/Computer_Organization_and_Architecture_Lab/Assignment_3d_testbench_isim_beh.exe
Fuse Memory Usage: 1192024 KB
Fuse CPU Usage: 740 ms
GCC CPU Usage: 240 ms
